2022-10-08 19:08:52,013 - kedro.ipython - INFO - Kedro project kedro Tutorial
2022-10-08 19:08:52,018 - kedro.ipython - INFO - Defined global variable 'context', 'session', 'catalog' and 'pipelines'
2022-10-08 19:08:54,116 - py.warnings - WARNING - C:\Users\UmaM2\Anaconda3\envs\KedroExperiment\lib\site-packages\plotly\graph_objects\__init__.py:288: DeprecationWarning: distutils Version classes are deprecated. Use packaging.version instead.
  if LooseVersion(ipywidgets.__version__) >= LooseVersion("7.0.0"):

2022-10-08 19:08:54,140 - kedro.ipython - INFO - Registered line magic 'run_viz'
2022-10-08 22:05:26,236 - kedro.framework.session.session - INFO - Kedro project kedro-tutorial
2022-10-08 22:13:20,124 - kedro.framework.session.session - INFO - Kedro project kedro-tutorial
2022-10-08 22:26:16,871 - kedro.framework.session.session - INFO - Kedro project kedro-tutorial
2022-10-08 22:26:29,390 - kedro.framework.session.session - INFO - Kedro project kedro-tutorial
2022-10-08 22:28:13,156 - kedro.framework.session.session - INFO - Kedro project kedro-tutorial
2022-10-08 22:32:02,911 - kedro.framework.session.session - INFO - Kedro project kedro-tutorial
2022-10-08 22:40:16,326 - kedro.framework.session.session - INFO - Kedro project kedro-tutorial
2022-10-08 23:10:25,716 - kedro.framework.session.session - INFO - Kedro project kedro-tutorial
2022-10-08 23:13:42,992 - kedro.framework.session.session - INFO - Kedro project kedro-tutorial
2022-10-08 23:13:43,194 - kedro.io.data_catalog - INFO - Loading data from 'companies' (CSVDataSet)...
2022-10-08 23:13:43,253 - kedro.pipeline.node - INFO - Running node: preprocess_companies_node: preprocess_companies([companies]) -> [preprocessed_companies]
2022-10-08 23:13:43,287 - kedro.io.data_catalog - INFO - Saving data to 'preprocessed_companies' (MemoryDataSet)...
2022-10-08 23:13:43,294 - kedro.runner.sequential_runner - INFO - Completed 1 out of 1 tasks
2022-10-08 23:13:43,298 - kedro.runner.sequential_runner - INFO - Pipeline execution completed successfully.
2022-10-08 23:13:43,300 - kedro.io.data_catalog - INFO - Loading data from 'preprocessed_companies' (MemoryDataSet)...
2022-10-08 23:14:28,981 - kedro.framework.session.session - INFO - Kedro project kedro-tutorial
2022-10-08 23:14:29,020 - kedro.io.data_catalog - INFO - Loading data from 'companies' (CSVDataSet)...
2022-10-08 23:14:29,061 - kedro.pipeline.node - INFO - Running node: preprocess_companies_node: preprocess_companies([companies]) -> [preprocessed_companies]
2022-10-08 23:14:29,092 - kedro.io.data_catalog - INFO - Saving data to 'preprocessed_companies' (MemoryDataSet)...
2022-10-08 23:14:29,099 - kedro.runner.sequential_runner - INFO - Completed 1 out of 2 tasks
2022-10-08 23:14:29,101 - kedro.io.data_catalog - INFO - Loading data from 'shuttles' (ExcelDataSet)...
2022-10-08 23:14:43,594 - kedro.pipeline.node - INFO - Running node: preprocess_shuttles_node: preprocess_shuttles([shuttles]) -> [preprocessed_shuttles]
2022-10-08 23:14:43,613 - py.warnings - WARNING - C:\Users\UmaM2\KedroExp\kedro-tutorial\src\kedro_tutorial\pipelines\data_processing\nodes.py:19: FutureWarning: The default value of regex will change from True to False in a future version. In addition, single character regular expressions will *not* be treated as literal strings when regex=True.
  x = x.str.replace("$", "").str.replace(",", "")

2022-10-08 23:14:43,670 - kedro.io.data_catalog - INFO - Saving data to 'preprocessed_shuttles' (MemoryDataSet)...
2022-10-08 23:14:43,679 - kedro.runner.sequential_runner - INFO - Completed 2 out of 2 tasks
2022-10-08 23:14:43,682 - kedro.runner.sequential_runner - INFO - Pipeline execution completed successfully.
2022-10-08 23:14:43,684 - kedro.io.data_catalog - INFO - Loading data from 'preprocessed_shuttles' (MemoryDataSet)...
2022-10-08 23:14:43,689 - kedro.io.data_catalog - INFO - Loading data from 'preprocessed_companies' (MemoryDataSet)...
2022-10-08 23:28:38,505 - kedro.framework.session.session - INFO - Kedro project kedro-tutorial
2022-10-08 23:28:38,555 - kedro.io.data_catalog - INFO - Loading data from 'companies' (CSVDataSet)...
2022-10-08 23:28:38,597 - kedro.pipeline.node - INFO - Running node: preprocess_companies_node: preprocess_companies([companies]) -> [preprocessed_companies]
2022-10-08 23:28:38,630 - kedro.io.data_catalog - INFO - Saving data to 'preprocessed_companies' (ParquetDataSet)...
2022-10-08 23:28:38,725 - kedro.runner.sequential_runner - INFO - Completed 1 out of 3 tasks
2022-10-08 23:28:38,730 - kedro.io.data_catalog - INFO - Loading data from 'shuttles' (ExcelDataSet)...
2022-10-08 23:28:48,063 - kedro.pipeline.node - INFO - Running node: preprocess_shuttles_node: preprocess_shuttles([shuttles]) -> [preprocessed_shuttles]
2022-10-08 23:28:48,085 - py.warnings - WARNING - C:\Users\UmaM2\KedroExp\kedro-tutorial\src\kedro_tutorial\pipelines\data_processing\nodes.py:19: FutureWarning: The default value of regex will change from True to False in a future version. In addition, single character regular expressions will *not* be treated as literal strings when regex=True.
  x = x.str.replace("$", "").str.replace(",", "")

2022-10-08 23:28:48,144 - kedro.io.data_catalog - INFO - Saving data to 'preprocessed_shuttles' (ParquetDataSet)...
2022-10-08 23:28:48,232 - kedro.runner.sequential_runner - INFO - Completed 2 out of 3 tasks
2022-10-08 23:28:48,235 - kedro.io.data_catalog - INFO - Loading data from 'preprocessed_shuttles' (ParquetDataSet)...
2022-10-08 23:28:48,386 - kedro.io.data_catalog - INFO - Loading data from 'preprocessed_companies' (ParquetDataSet)...
2022-10-08 23:28:48,403 - kedro.io.data_catalog - INFO - Loading data from 'reviews' (CSVDataSet)...
2022-10-08 23:28:48,499 - kedro.pipeline.node - INFO - Running node: create_model_input_table_node: create_model_input_table([preprocessed_shuttles,preprocessed_companies,reviews]) -> [model_input_table]
2022-10-08 23:28:50,454 - kedro.io.data_catalog - INFO - Saving data to 'model_input_table' (ParquetDataSet)...
2022-10-08 23:28:51,182 - kedro.runner.sequential_runner - INFO - Completed 3 out of 3 tasks
2022-10-08 23:28:51,185 - kedro.runner.sequential_runner - INFO - Pipeline execution completed successfully.
2022-10-08 23:38:17,756 - kedro.framework.session.session - INFO - Kedro project kedro-tutorial
2022-10-08 23:38:44,391 - kedro.io.data_catalog - INFO - Loading data from 'companies' (CSVDataSet)...
2022-10-08 23:38:44,428 - kedro.pipeline.node - INFO - Running node: preprocess_companies_node: preprocess_companies([companies]) -> [preprocessed_companies]
2022-10-08 23:38:44,457 - kedro.io.data_catalog - INFO - Saving data to 'preprocessed_companies' (ParquetDataSet)...
2022-10-08 23:38:44,490 - kedro.runner.sequential_runner - INFO - Completed 1 out of 6 tasks
2022-10-08 23:38:44,494 - kedro.io.data_catalog - INFO - Loading data from 'shuttles' (ExcelDataSet)...
2022-10-08 23:38:53,514 - kedro.pipeline.node - INFO - Running node: preprocess_shuttles_node: preprocess_shuttles([shuttles]) -> [preprocessed_shuttles]
2022-10-08 23:38:53,532 - py.warnings - WARNING - C:\Users\UmaM2\KedroExp\kedro-tutorial\src\kedro_tutorial\pipelines\data_processing\nodes.py:19: FutureWarning: The default value of regex will change from True to False in a future version. In addition, single character regular expressions will *not* be treated as literal strings when regex=True.
  x = x.str.replace("$", "").str.replace(",", "")

2022-10-08 23:38:53,583 - kedro.io.data_catalog - INFO - Saving data to 'preprocessed_shuttles' (ParquetDataSet)...
2022-10-08 23:38:53,653 - kedro.runner.sequential_runner - INFO - Completed 2 out of 6 tasks
2022-10-08 23:38:53,660 - kedro.io.data_catalog - INFO - Loading data from 'preprocessed_shuttles' (ParquetDataSet)...
2022-10-08 23:38:53,734 - kedro.io.data_catalog - INFO - Loading data from 'preprocessed_companies' (ParquetDataSet)...
2022-10-08 23:38:53,756 - kedro.io.data_catalog - INFO - Loading data from 'reviews' (CSVDataSet)...
2022-10-08 23:38:53,817 - kedro.pipeline.node - INFO - Running node: create_model_input_table_node: create_model_input_table([preprocessed_shuttles,preprocessed_companies,reviews]) -> [model_input_table]
2022-10-08 23:38:55,751 - kedro.io.data_catalog - INFO - Saving data to 'model_input_table' (ParquetDataSet)...
2022-10-08 23:38:56,485 - kedro.runner.sequential_runner - INFO - Completed 3 out of 6 tasks
2022-10-08 23:38:56,489 - kedro.io.data_catalog - INFO - Loading data from 'model_input_table' (ParquetDataSet)...
2022-10-08 23:38:56,674 - kedro.io.data_catalog - INFO - Loading data from 'params:model_options' (MemoryDataSet)...
2022-10-08 23:38:56,679 - kedro.pipeline.node - INFO - Running node: split_data_node: split_data([model_input_table,params:model_options]) -> [X_train,X_test,y_train,y_test]
2022-10-08 23:38:56,805 - kedro.io.data_catalog - INFO - Saving data to 'X_train' (MemoryDataSet)...
2022-10-08 23:38:56,815 - kedro.io.data_catalog - INFO - Saving data to 'X_test' (MemoryDataSet)...
2022-10-08 23:38:56,822 - kedro.io.data_catalog - INFO - Saving data to 'y_train' (MemoryDataSet)...
2022-10-08 23:38:56,826 - kedro.io.data_catalog - INFO - Saving data to 'y_test' (MemoryDataSet)...
2022-10-08 23:38:56,847 - kedro.runner.sequential_runner - INFO - Completed 4 out of 6 tasks
2022-10-08 23:38:56,853 - kedro.io.data_catalog - INFO - Loading data from 'X_train' (MemoryDataSet)...
2022-10-08 23:38:56,861 - kedro.io.data_catalog - INFO - Loading data from 'y_train' (MemoryDataSet)...
2022-10-08 23:38:56,864 - kedro.pipeline.node - INFO - Running node: train_model_node: train_model([X_train,y_train]) -> [regressor]
2022-10-08 23:38:57,517 - kedro.io.data_catalog - INFO - Saving data to 'regressor' (PickleDataSet)...
2022-10-08 23:38:57,530 - kedro.runner.sequential_runner - INFO - Completed 5 out of 6 tasks
2022-10-08 23:38:57,535 - kedro.io.data_catalog - INFO - Loading data from 'regressor' (PickleDataSet)...
2022-10-08 23:38:57,539 - kedro.io.data_catalog - INFO - Loading data from 'X_test' (MemoryDataSet)...
2022-10-08 23:38:57,543 - kedro.io.data_catalog - INFO - Loading data from 'y_test' (MemoryDataSet)...
2022-10-08 23:38:57,545 - kedro.pipeline.node - INFO - Running node: evaluate_model_node: evaluate_model([regressor,X_test,y_test]) -> None
2022-10-08 23:38:57,625 - kedro_tutorial.pipelines.data_science.nodes - INFO - Model has a coefficient R^2 of 0.462 on test data.
2022-10-08 23:38:57,631 - kedro.runner.sequential_runner - INFO - Completed 6 out of 6 tasks
2022-10-08 23:38:57,634 - kedro.runner.sequential_runner - INFO - Pipeline execution completed successfully.
2022-10-08 23:40:31,819 - kedro.framework.session.session - INFO - Kedro project kedro-tutorial
2022-10-08 23:40:34,849 - kedro.io.data_catalog - INFO - Loading data from 'shuttles' (ExcelDataSet)...
2022-10-08 23:40:34,888 - kedro.io.data_catalog - INFO - Loading data from 'companies' (CSVDataSet)...
2022-10-08 23:40:34,931 - kedro.pipeline.node - INFO - Running node: preprocess_companies_node: preprocess_companies([companies]) -> [preprocessed_companies]
2022-10-08 23:40:34,964 - kedro.io.data_catalog - INFO - Saving data to 'preprocessed_companies' (ParquetDataSet)...
2022-10-08 23:40:47,476 - kedro.pipeline.node - INFO - Running node: preprocess_shuttles_node: preprocess_shuttles([shuttles]) -> [preprocessed_shuttles]
2022-10-08 23:40:47,496 - py.warnings - WARNING - C:\Users\UmaM2\KedroExp\kedro-tutorial\src\kedro_tutorial\pipelines\data_processing\nodes.py:19: FutureWarning: The default value of regex will change from True to False in a future version. In addition, single character regular expressions will *not* be treated as literal strings when regex=True.
  x = x.str.replace("$", "").str.replace(",", "")

2022-10-08 23:40:47,604 - kedro.io.data_catalog - INFO - Saving data to 'preprocessed_shuttles' (ParquetDataSet)...
2022-10-08 23:40:47,969 - kedro.io.data_catalog - INFO - Loading data from 'preprocessed_shuttles' (ParquetDataSet)...
2022-10-08 23:40:48,050 - kedro.io.data_catalog - INFO - Loading data from 'preprocessed_companies' (ParquetDataSet)...
2022-10-08 23:40:48,073 - kedro.io.data_catalog - INFO - Loading data from 'reviews' (CSVDataSet)...
2022-10-08 23:40:48,154 - kedro.pipeline.node - INFO - Running node: create_model_input_table_node: create_model_input_table([preprocessed_shuttles,preprocessed_companies,reviews]) -> [model_input_table]
2022-10-08 23:40:51,324 - kedro.io.data_catalog - INFO - Saving data to 'model_input_table' (ParquetDataSet)...
2022-10-08 23:40:54,208 - kedro.io.data_catalog - INFO - Loading data from 'model_input_table' (ParquetDataSet)...
2022-10-08 23:40:54,565 - kedro.io.data_catalog - INFO - Loading data from 'params:model_options' (MemoryDataSet)...
2022-10-08 23:40:54,568 - kedro.pipeline.node - INFO - Running node: split_data_node: split_data([model_input_table,params:model_options]) -> [X_train,X_test,y_train,y_test]
2022-10-08 23:40:54,769 - kedro.io.data_catalog - INFO - Saving data to 'X_train' (_SharedMemoryDataSet)...
2022-10-08 23:40:55,698 - kedro.io.data_catalog - INFO - Saving data to 'X_test' (_SharedMemoryDataSet)...
2022-10-08 23:40:55,740 - kedro.io.data_catalog - INFO - Saving data to 'y_train' (_SharedMemoryDataSet)...
2022-10-08 23:40:55,805 - kedro.io.data_catalog - INFO - Saving data to 'y_test' (_SharedMemoryDataSet)...
2022-10-08 23:40:57,435 - kedro.io.data_catalog - INFO - Loading data from 'X_train' (_SharedMemoryDataSet)...
2022-10-08 23:40:57,576 - kedro.io.data_catalog - INFO - Loading data from 'y_train' (_SharedMemoryDataSet)...
2022-10-08 23:40:57,651 - kedro.pipeline.node - INFO - Running node: train_model_node: train_model([X_train,y_train]) -> [regressor]
2022-10-08 23:40:58,274 - kedro.io.data_catalog - INFO - Saving data to 'regressor' (PickleDataSet)...
2022-10-08 23:40:58,513 - kedro.io.data_catalog - INFO - Loading data from 'regressor' (PickleDataSet)...
2022-10-08 23:40:58,533 - kedro.io.data_catalog - INFO - Loading data from 'X_test' (_SharedMemoryDataSet)...
2022-10-08 23:40:58,588 - kedro.io.data_catalog - INFO - Loading data from 'y_test' (_SharedMemoryDataSet)...
2022-10-08 23:40:58,611 - kedro.pipeline.node - INFO - Running node: evaluate_model_node: evaluate_model([regressor,X_test,y_test]) -> None
2022-10-08 23:40:58,744 - kedro_tutorial.pipelines.data_science.nodes - INFO - Model has a coefficient R^2 of 0.462 on test data.
2022-10-08 23:40:59,268 - kedro.runner.parallel_runner - INFO - Pipeline execution completed successfully.
2022-10-08 23:41:04,461 - kedro.framework.session.session - INFO - Kedro project kedro-tutorial
2022-10-08 23:41:05,045 - kedro.io.data_catalog - INFO - Loading data from 'shuttles' (ExcelDataSet)...
2022-10-08 23:41:05,047 - kedro.io.data_catalog - INFO - Loading data from 'companies' (CSVDataSet)...
2022-10-08 23:41:05,099 - kedro.pipeline.node - INFO - Running node: preprocess_companies_node: preprocess_companies([companies]) -> [preprocessed_companies]
2022-10-08 23:41:05,146 - kedro.io.data_catalog - INFO - Saving data to 'preprocessed_companies' (ParquetDataSet)...
2022-10-08 23:41:05,192 - kedro.runner.thread_runner - INFO - Completed node: preprocess_companies_node
2022-10-08 23:41:05,196 - kedro.runner.thread_runner - INFO - Completed 1 out of 6 tasks
2022-10-08 23:41:14,601 - kedro.pipeline.node - INFO - Running node: preprocess_shuttles_node: preprocess_shuttles([shuttles]) -> [preprocessed_shuttles]
2022-10-08 23:41:14,619 - py.warnings - WARNING - C:\Users\UmaM2\KedroExp\kedro-tutorial\src\kedro_tutorial\pipelines\data_processing\nodes.py:19: FutureWarning: The default value of regex will change from True to False in a future version. In addition, single character regular expressions will *not* be treated as literal strings when regex=True.
  x = x.str.replace("$", "").str.replace(",", "")

2022-10-08 23:41:14,674 - kedro.io.data_catalog - INFO - Saving data to 'preprocessed_shuttles' (ParquetDataSet)...
2022-10-08 23:41:14,754 - kedro.runner.thread_runner - INFO - Completed node: preprocess_shuttles_node
2022-10-08 23:41:14,757 - kedro.runner.thread_runner - INFO - Completed 2 out of 6 tasks
2022-10-08 23:41:14,759 - kedro.io.data_catalog - INFO - Loading data from 'preprocessed_shuttles' (ParquetDataSet)...
2022-10-08 23:41:14,808 - kedro.io.data_catalog - INFO - Loading data from 'preprocessed_companies' (ParquetDataSet)...
2022-10-08 23:41:14,823 - kedro.io.data_catalog - INFO - Loading data from 'reviews' (CSVDataSet)...
2022-10-08 23:41:14,883 - kedro.pipeline.node - INFO - Running node: create_model_input_table_node: create_model_input_table([preprocessed_shuttles,preprocessed_companies,reviews]) -> [model_input_table]
2022-10-08 23:41:16,698 - kedro.io.data_catalog - INFO - Saving data to 'model_input_table' (ParquetDataSet)...
2022-10-08 23:41:17,425 - kedro.runner.thread_runner - INFO - Completed node: create_model_input_table_node
2022-10-08 23:41:17,433 - kedro.runner.thread_runner - INFO - Completed 3 out of 6 tasks
2022-10-08 23:41:17,436 - kedro.io.data_catalog - INFO - Loading data from 'model_input_table' (ParquetDataSet)...
2022-10-08 23:41:17,621 - kedro.io.data_catalog - INFO - Loading data from 'params:model_options' (MemoryDataSet)...
2022-10-08 23:41:17,627 - kedro.pipeline.node - INFO - Running node: split_data_node: split_data([model_input_table,params:model_options]) -> [X_train,X_test,y_train,y_test]
2022-10-08 23:41:17,734 - kedro.io.data_catalog - INFO - Saving data to 'X_train' (MemoryDataSet)...
2022-10-08 23:41:17,743 - kedro.io.data_catalog - INFO - Saving data to 'X_test' (MemoryDataSet)...
2022-10-08 23:41:17,748 - kedro.io.data_catalog - INFO - Saving data to 'y_train' (MemoryDataSet)...
2022-10-08 23:41:17,751 - kedro.io.data_catalog - INFO - Saving data to 'y_test' (MemoryDataSet)...
2022-10-08 23:41:17,776 - kedro.runner.thread_runner - INFO - Completed node: split_data_node
2022-10-08 23:41:17,779 - kedro.runner.thread_runner - INFO - Completed 4 out of 6 tasks
2022-10-08 23:41:17,781 - kedro.io.data_catalog - INFO - Loading data from 'X_train' (MemoryDataSet)...
2022-10-08 23:41:17,789 - kedro.io.data_catalog - INFO - Loading data from 'y_train' (MemoryDataSet)...
2022-10-08 23:41:17,793 - kedro.pipeline.node - INFO - Running node: train_model_node: train_model([X_train,y_train]) -> [regressor]
2022-10-08 23:41:18,136 - kedro.io.data_catalog - INFO - Saving data to 'regressor' (PickleDataSet)...
2022-10-08 23:41:18,148 - kedro.runner.thread_runner - INFO - Completed node: train_model_node
2022-10-08 23:41:18,150 - kedro.runner.thread_runner - INFO - Completed 5 out of 6 tasks
2022-10-08 23:41:18,156 - kedro.io.data_catalog - INFO - Loading data from 'regressor' (PickleDataSet)...
2022-10-08 23:41:18,159 - kedro.io.data_catalog - INFO - Loading data from 'X_test' (MemoryDataSet)...
2022-10-08 23:41:18,163 - kedro.io.data_catalog - INFO - Loading data from 'y_test' (MemoryDataSet)...
2022-10-08 23:41:18,165 - kedro.pipeline.node - INFO - Running node: evaluate_model_node: evaluate_model([regressor,X_test,y_test]) -> None
2022-10-08 23:41:18,243 - kedro_tutorial.pipelines.data_science.nodes - INFO - Model has a coefficient R^2 of 0.462 on test data.
2022-10-08 23:41:18,248 - kedro.runner.thread_runner - INFO - Completed node: evaluate_model_node
2022-10-08 23:41:18,250 - kedro.runner.thread_runner - INFO - Completed 6 out of 6 tasks
2022-10-08 23:41:18,253 - kedro.runner.thread_runner - INFO - Pipeline execution completed successfully.
2022-10-08 23:43:43,077 - kedro.framework.session.session - INFO - Kedro project kedro-tutorial
2022-10-08 23:43:43,598 - kedro.io.data_catalog - INFO - Loading data from 'model_input_table' (ParquetDataSet)...
2022-10-08 23:43:43,812 - kedro.io.data_catalog - INFO - Loading data from 'params:model_options' (MemoryDataSet)...
2022-10-08 23:43:43,816 - kedro.pipeline.node - INFO - Running node: split_data_node: split_data([model_input_table,params:model_options]) -> [X_train,X_test,y_train,y_test]
2022-10-08 23:43:43,933 - kedro.io.data_catalog - INFO - Saving data to 'X_train' (MemoryDataSet)...
2022-10-08 23:43:43,943 - kedro.io.data_catalog - INFO - Saving data to 'X_test' (MemoryDataSet)...
2022-10-08 23:43:43,947 - kedro.io.data_catalog - INFO - Saving data to 'y_train' (MemoryDataSet)...
2022-10-08 23:43:43,951 - kedro.io.data_catalog - INFO - Saving data to 'y_test' (MemoryDataSet)...
2022-10-08 23:43:43,975 - kedro.runner.sequential_runner - INFO - Completed 1 out of 3 tasks
2022-10-08 23:43:43,979 - kedro.io.data_catalog - INFO - Loading data from 'X_train' (MemoryDataSet)...
2022-10-08 23:43:43,987 - kedro.io.data_catalog - INFO - Loading data from 'y_train' (MemoryDataSet)...
2022-10-08 23:43:43,993 - kedro.pipeline.node - INFO - Running node: train_model_node: train_model([X_train,y_train]) -> [regressor]
2022-10-08 23:43:44,333 - kedro.io.data_catalog - INFO - Saving data to 'regressor' (PickleDataSet)...
2022-10-08 23:43:44,347 - kedro.runner.sequential_runner - INFO - Completed 2 out of 3 tasks
2022-10-08 23:43:44,351 - kedro.io.data_catalog - INFO - Loading data from 'regressor' (PickleDataSet)...
2022-10-08 23:43:44,356 - kedro.io.data_catalog - INFO - Loading data from 'X_test' (MemoryDataSet)...
2022-10-08 23:43:44,360 - kedro.io.data_catalog - INFO - Loading data from 'y_test' (MemoryDataSet)...
2022-10-08 23:43:44,363 - kedro.pipeline.node - INFO - Running node: evaluate_model_node: evaluate_model([regressor,X_test,y_test]) -> None
2022-10-08 23:43:44,442 - kedro_tutorial.pipelines.data_science.nodes - INFO - Model has a coefficient R^2 of 0.462 on test data.
2022-10-08 23:43:44,446 - kedro.runner.sequential_runner - INFO - Completed 3 out of 3 tasks
2022-10-08 23:43:44,449 - kedro.runner.sequential_runner - INFO - Pipeline execution completed successfully.
2022-10-14 01:48:07,891 - kedro.framework.session.session - INFO - Kedro project kedro-tutorial
2022-10-14 01:59:32,094 - kedro.framework.session.session - INFO - Kedro project kedro-tutorial
2022-10-16 16:41:09,733 - kedro.framework.session.session - INFO - Kedro project kedro-tutorial
